"../../../Engine/Content/Functions/Engine_MaterialFunctions01/Opacity/CameraDepthFade.uasset" 0
"../../../Engine/Content/EngineMaterials/T_Default_Material_Grid_M.uasset" 1
"../../../Engine/Content/EngineMaterials/T_Default_Material_Grid_N.uasset" 2
"../../../Engine/Content/EngineMaterials/DefaultMaterial.uasset" 3
"../../../Engine/Content/BasicShapes/Sphere.uasset" 4
"../../../Engine/Content/EditorLandscapeResources/DataLayer.uasset" 5
"../../../Engine/Content/EditorMaterials/GizmoMaterial.uasset" 6
"../../../Engine/Content/EditorMaterials/MAT_Groups_Toggle.uasset" 7
"../../../Engine/Content/EditorMaterials/MAT_Groups_Visibility.uasset" 8
"../../../Engine/Content/EditorMaterials/PreviewShadowIndicator.uasset" 9
"../../../Engine/Content/EditorMaterials/PreviewShadowIndicatorMaterial.uasset" 10
"../../../Engine/Content/EditorMaterials/AssetViewer/EpicQuadPanorama_CC+EV1.uasset" 11
"../../../Engine/Content/EditorMaterials/MatineeGroups/MAT_ColorTrack.uasset" 12
"../../../Engine/Content/EditorMaterials/MatineeGroups/MAT_Groups_Anim.uasset" 13
"../../../Engine/Content/EditorMaterials/MatineeGroups/MAT_Groups_AudioMaster.uasset" 14
"../../../Engine/Content/EditorMaterials/MatineeGroups/MAT_Groups_Director.uasset" 15
"../../../Engine/Content/EditorMaterials/MatineeGroups/MAT_Groups_Event.uasset" 16
"../../../Engine/Content/EditorMaterials/MatineeGroups/MAT_Groups_Fade.uasset" 17
"../../../Engine/Content/EditorMaterials/MatineeGroups/MAT_Groups_Float.uasset" 18
"../../../Engine/Content/EditorMaterials/MatineeGroups/MAT_Groups_Move.uasset" 19
"../../../Engine/Content/EditorMaterials/MatineeGroups/MAT_Groups_Slomo.uasset" 20
"../../../Engine/Content/EditorMaterials/MatineeGroups/MAT_Groups_Sound.uasset" 21
"../../../Engine/Content/EditorMaterials/MatineeGroups/MAT_Groups_Vector.uasset" 22
"../../../Engine/Content/EditorMaterials/ParticleSystems/PSysThumbnail_NoImage.uasset" 23
"../../../Engine/Content/EditorMaterials/ParticleSystems/PSysThumbnail_OOD.uasset" 24
"../../../Engine/Content/EditorMaterials/Camera/CineMat.uasset" 25
"../../../Engine/Content/EditorMaterials/Camera/MI_CineMat_Rig.uasset" 26
"../../../Engine/Content/EditorMeshes/Camera/SM_CraneRig_Arm.uasset" 27
"../../../Engine/Content/EditorMeshes/Camera/SM_CraneRig_Base.uasset" 28
"../../../Engine/Content/EditorMeshes/Camera/SM_CraneRig_Body.uasset" 29
"../../../Engine/Content/EditorMeshes/Camera/SM_CraneRig_Mount.uasset" 30
"../../../Engine/Content/EditorMeshes/Camera/SM_RailRig_Mount.uasset" 31
"../../../Engine/Content/EditorMeshes/Camera/SM_RailRig_Track.uasset" 32
"../../../Engine/Content/EditorResources/BSPVertex.uasset" 33
"../../../Engine/Content/EditorResources/EmptyActor.uasset" 34
"../../../Engine/Content/EditorResources/RGBTable16x1_AssetViewer.uasset" 35
"../../../Engine/Content/EditorResources/S_Actor.uasset" 36
"../../../Engine/Content/EditorResources/S_Trigger.uasset" 37
"../../../Engine/Content/EditorResources/AudioIcons/S_AudioComponent.uasset" 38
"../../../Engine/Content/EditorResources/AudioIcons/S_AudioComponent_AutoActivate.uasset" 39
"../../../Engine/Content/EditorResources/LightIcons/S_LightError.uasset" 40
"../../../Engine/Content/EditorResources/SequenceRecorder/Countdown.uasset" 41
"../../../Engine/Content/EditorResources/SequenceRecorder/RecordingIndicator.uasset" 42
"../../../Engine/Content/EditorSounds/Notifications/CompileFailed.uasset" 43
"../../../Engine/Content/EditorSounds/Notifications/CompileFailed_Cue.uasset" 44
"../../../Engine/Content/EditorSounds/Notifications/CompileSuccess.uasset" 45
"../../../Engine/Content/EditorSounds/Notifications/CompileStart_Cue.uasset" 46
"../../../Engine/Content/EditorSounds/Notifications/CompileSuccess_Cue.uasset" 47
"../../../Engine/Content/EngineDamageTypes/DmgTypeBP_Environmental.uasset" 48
"../../../Engine/Content/EngineDebugMaterials/HeatmapGradient.uasset" 49
"../../../Engine/Content/EngineDebugMaterials/BoneWeightMaterial.uasset" 50
"../../../Engine/Content/EngineDebugMaterials/DebugMeshMaterial.uasset" 51
"../../../Engine/Content/EngineDebugMaterials/GeomMaterial.uasset" 52
"../../../Engine/Content/EngineFonts/Roboto.uasset" 53
"../../../Engine/Content/EngineFonts/RobotoTiny.uasset" 54
"../../../Engine/Content/EngineMaterials/DefaultBokeh.uasset" 55
"../../../Engine/Content/EngineMaterials/DefaultDiffuse.uasset" 56
"../../../Engine/Content/EngineMaterials/DefaultDeferredDecalMaterial.uasset" 57
"../../../Engine/Content/EngineMaterials/DefaultLightFunctionMaterial.uasset" 58
"../../../Engine/Content/EngineMaterials/DefaultPhysicalMaterial.uasset" 59
"../../../Engine/Content/Functions/Engine_MaterialFunctions02/Utility/BreakOutFloat2Components.uasset" 60
"../../../Engine/Content/EngineMaterials/DefaultPostProcessMaterial.uasset" 61
"../../../Engine/Content/EngineFonts/RobotoDistanceField.uasset" 62
"../../../Engine/Content/EngineMaterials/DefaultTextMaterialOpaque.uasset" 63
"../../../Engine/Content/EngineMaterials/DefaultWhiteGrid.uasset" 64
"../../../Engine/Content/EngineMaterials/EditorBrushMaterial.uasset" 65
"../../../Engine/Content/EngineMaterials/Good64x64TilingNoiseHighFreq.uasset" 66
"../../../Engine/Content/EngineMaterials/MiniFont.uasset" 67
"../../../Engine/Content/EngineMaterials/InvalidLightmapSettings.uasset" 68
"../../../Engine/Content/EngineMaterials/M_InvalidLightmapSettings.uasset" 69
"../../../Engine/Content/EngineMaterials/PhAT_JointLimitMaterial.uasset" 70
"../../../Engine/Content/EngineMaterials/PreintegratedSkinBRDF.uasset" 71
"../../../Engine/Content/EngineMaterials/RemoveSurfaceMaterial.uasset" 72
"../../../Engine/Content/EngineMaterials/WeightMapPlaceholderTexture.uasset" 73
"../../../Engine/Content/EngineResources/WhiteSquareTexture.uasset" 74
"../../../Engine/Content/EngineMaterials/Widget3DPassThrough.uasset" 75
"../../../Engine/Content/EngineMaterials/Widget3DPassThrough_Masked.uasset" 76
"../../../Engine/Content/EngineMaterials/Widget3DPassThrough_Opaque.uasset" 77
"../../../Engine/Content/EngineMaterials/Widget3DPassThrough_Masked_OneSided.uasset" 78
"../../../Engine/Content/EngineMaterials/Widget3DPassThrough_Opaque_OneSided.uasset" 79
"../../../Engine/Content/EngineMaterials/Widget3DPassThrough_Translucent.uasset" 80
"../../../Engine/Content/EngineMaterials/Widget3DPassThrough_Translucent_OneSided.uasset" 81
"../../../Engine/Content/EngineMeshes/Cube.uasset" 82
"../../../Engine/Content/EngineMeshes/Cylinder.uasset" 83
"../../../Engine/Content/EngineMeshes/Sphere.uasset" 84
"../../../Engine/Content/EngineResources/AICON-Green.uasset" 85
"../../../Engine/Content/EngineResources/AICON-Red.uasset" 86
"../../../Engine/Content/EngineResources/Black.uasset" 87
"../../../Engine/Content/EngineResources/DefaultTexture.uasset" 88
"../../../Engine/Content/EngineResources/DefaultTextureCube.uasset" 89
"../../../Engine/Content/EngineResources/GradientTexture0.uasset" 90
"../../../Engine/Content/EngineSounds/Master.uasset" 91
"../../../Engine/Content/EngineSounds/MasterSubmix.uasset" 92
"../../../Engine/Content/EngineTireTypes/DefaultTireType.uasset" 93
"../../../Engine/Content/Functions/Engine_MaterialFunctions01/Shading/ConvertFromDiffSpec.uasset" 94
"../../../Engine/Content/Functions/Engine_MaterialFunctions01/Shading/PowerToRoughness.uasset" 95
"../../../Engine/Content/Maps/Templates/Thumbnails/Default.uasset" 96
"../../../Engine/Content/Maps/Templates/Thumbnails/VR-Basic.uasset" 97
"../../../Engine/Content/MobileResources/T_MobileControls_texture.uasset" 98
"../../../Engine/Content/MobileResources/T_MobileMenu2.uasset" 99
"../../../Engine/Content/MobileResources/HUD/AnalogHat.uasset" 100
"../../../Engine/Content/MobileResources/HUD/VirtualJoystick_Background.uasset" 101
"../../../Engine/Content/MobileResources/HUD/VirtualJoystick_Thumb.uasset" 102
"../../../Engine/Content/MobileResources/HUD/DefaultVirtualJoysticks.uasset" 103
"../../../Engine/Content/MobileResources/HUD/LeftVirtualJoystickOnly.uasset" 104
"../../../Engine/Content/MobileResources/HUD/MobileHUDButton1_off.uasset" 105
"../../../Engine/Content/MobileResources/HUD/MobileHUDButton1_on.uasset" 106
"../../../Engine/Content/MobileResources/HUD/MobileHUDButton2_off.uasset" 107
"../../../Engine/Content/MobileResources/HUD/MobileHUDButton2_on.uasset" 108
"../../../Engine/Content/MobileResources/HUD/MobileHUDButton3.uasset" 109
"../../../Engine/Content/MobileResources/HUD/MobileHUDButtonFire.uasset" 110
"../../../Engine/Content/MobileResources/HUD/MobileHUDDirectionPad.uasset" 111
"../../../Engine/Content/MobileResources/HUD/MobileHUDDirectionPad2.uasset" 112
"../../../Engine/Content/MobileResources/HUD/MobileHUDDirectionPad3.uasset" 113
"../../../Engine/Content/MobileResources/HUD/MobileHUDDirectionStick.uasset" 114
"../../../Engine/Content/MobileResources/HUD/T_Castle_ThumbstickInner.uasset" 115
"../../../Engine/Content/MobileResources/HUD/T_Castle_ThumbstickOutter.uasset" 116
"../../../Engine/Content/Tutorial/ContentIntroCurve.uasset" 117
"../../../Engine/Content/Tutorial/Basics/TutorialAssets/icon_tab_Levels_40x.uasset" 118
"../../../Engine/Content/Tutorial/BlueprintTutorials/TutorialAssets/BlueprintInterface_64x.uasset" 119
"../../../Engine/Content/Tutorial/BlueprintTutorials/TutorialAssets/BlueprintMacroLibrary_64x.uasset" 120
"../../../Engine/Content/Tutorial/BlueprintTutorials/TutorialAssets/Blueprint_64x.uasset" 121
"../../../Engine/Content/Tutorial/BlueprintTutorials/TutorialAssets/Tutorial_BP_Interface.uasset" 122
"../../../Engine/Content/Tutorial/Foliage/TutorialAssets/Foliage.uasset" 123
"../../../Engine/Content/Tutorial/Landscape/TutorialAssets/Landscape.uasset" 124
"../../../Engine/Content/Tutorial/Mobile/TutorialAssets/android_Icon.uasset" 125
"../../../Engine/Content/Tutorial/Paper2D/TutorialAssets/Paper2DFlipbook_TutorialIcon.uasset" 126
"../../../Engine/Content/Tutorial/Paper2D/TutorialAssets/Paper2DSprite_TutorialIcon.uasset" 127
"../../../Engine/Content/Tutorial/SubEditors/TutorialAssets/icon_Editor_Preferences_General_40x.uasset" 128
"../../../Engine/Content/Tutorial/SubEditors/TutorialAssets/icon_ShowSkeletalMeshes_40x.uasset" 129
"../../../Engine/Content/Tutorial/SubEditors/TutorialAssets/TutorialMaterial.uasset" 130
"../../../Engine/Content/EngineMaterials/WorldGridMaterial.uasset" 131
"../../../Engine/Content/EditorMeshes/EditorCube.uasset" 132
"../../../Engine/Content/Tutorial/SubEditors/TutorialAssets/Tutorial_DM.uasset" 133
"../../../Engine/Content/VREditor/Devices/Generic/GenericHMDMaterial.uasset" 134
"../../../Engine/Content/VREditor/Devices/Generic/GenericHMD.uasset" 135
"../../../Engine/Content/VREditor/FloatingText/LineMaterial.uasset" 136
"../../../Engine/Content/VREditor/FloatingText/JointSphere.uasset" 137
"../../../Engine/Content/VREditor/FloatingText/LineSegmentCylinder.uasset" 138
"../../../Engine/Content/VREditor/Fonts/VRText_RobotoLarge.uasset" 139
"../../../Engine/Content/VREditor/Fonts/VRTextMaterial.uasset" 140
"../../../Engine/Content/VREditor/Fonts/TranslucentVRTextMaterial.uasset" 141
"../../../Engine/Content/VREditor/LaserPointer/VR_LaserPower_01.uasset" 142
"../../../Engine/Content/VREditor/LaserPointer/LaserPointerMaterial.uasset" 143
"../../../Engine/Content/VREditor/LaserPointer/LaserPointerMaterialInst.uasset" 144
"../../../Engine/Content/VREditor/LaserPointer/TranslucentLaserPointerMaterialInst.uasset" 145
"../../../Engine/Content/VREditor/LaserPointer/LaserPointerMesh.uasset" 146
"../../../Engine/Content/VREditor/Sounds/VR_grab_Cue.uasset" 147
"../../../Engine/Content/VREditor/TransformGizmo/TransformGizmoMaterial.uasset" 148
"../../../Engine/Content/VREditor/TransformGizmo/TranslucentTransformGizmoMaterial.uasset" 149
"../../../Engine/Content/VREditor/TransformGizmo/BoundingBoxCorner.uasset" 150
"../../../Engine/Content/VREditor/TransformGizmo/BoundingBoxEdge.uasset" 151
"../../../Engine/Content/VREditor/TransformGizmo/PlaneTranslationHandle.uasset" 152
"../../../Engine/Content/VREditor/TransformGizmo/RotationHandle.uasset" 153
"../../../Engine/Content/VREditor/TransformGizmo/RotationHandleFull.uasset" 154
"../../../Engine/Content/VREditor/TransformGizmo/StretchingHandle.uasset" 155
"../../../Engine/Content/VREditor/TransformGizmo/TranslateHandleLong.uasset" 156
"../../../Engine/Content/VREditor/TransformGizmo/TranslationHandle.uasset" 157
"../../../Engine/Content/VREditor/TransformGizmo/UniformScaleHandle.uasset" 158
"../../../Engine/Content/VREditor/UI/CloseButtonMesh.uasset" 159
"../../../Engine/Content/VREditor/UI/SelectionBarMesh.uasset" 160
"../../../Engine/Content/Functions/Engine_MaterialFunctions01/Gradient/RadialGradient.uasset" 161
"../../../Engine/Content/VREditor/WorldMovementGrid/SimpleGrid.uasset" 162
"../../../Engine/Content/VREditor/WorldMovementGrid/GridMaterial.uasset" 163
"../../../Engine/Content/Functions/Engine_MaterialFunctions01/Density/ExponentialDensity.uasset" 164
"../../../Engine/Content/VREditor/WorldMovementGrid/GridPostProcess.uasset" 165
"../../../Engine/Content/EditorLandscapeResources/FlattenHeightMat.uasset" 166
"../../../Engine/Content/VREditor/WorldMovementGrid/PlaneMesh.uasset" 167
"../../../FPStest1/Content/Blueprints/MyPlayerController.uasset" 168
"../../../FPStest1/Content/Blueprints/NewPlayerController.uasset" 169
"../../../FPStest1/Content/Blueprints/NewPlayerController2.uasset" 170
"../../../FPStest1/Content/StarterContent/Materials/M_Basic_Wall.uasset" 171
"../../../FPStest1/Content/StarterContent/Architecture/Wall_Window_400x300.uasset" 172
"../../../FPStest1/Content/Blueprints/Wall_Window_400x300.uasset" 173
"../../../FPStest1/Content/FirstPerson/FPWeapon/Materials/Trial.uasset" 174
"../../../FPStest1/Content/FirstPerson/Character/Textures/UE4_LOGO_CARD.uasset" 175
"../../../FPStest1/Content/FirstPerson/FPWeapon/Materials/MaterialLayers/ML_Plastic_Shiny_Beige_LOGO.uasset" 176
"../../../FPStest1/Content/FirstPerson/FPWeapon/Materials/MaterialLayers/T_ML_FineRubber.uasset" 177
"../../../FPStest1/Content/FirstPerson/FPWeapon/Mesh/SK_FPGun_PhysicsAsset.uasset" 178
"../../../FPStest1/Content/FirstPerson/Meshes/BaseMaterial.uasset" 179
"../../../FPStest1/Content/FirstPerson/Meshes/FirstPersonProjectileMaterial.uasset" 180
"../../../FPStest1/Content/FirstPerson/Meshes/FirstPersonProjectileMesh.uasset" 181
"../../../FPStest1/Content/FirstPersonBP/Blueprints/HevyBullet.uasset" 182
"../../../FPStest1/Content/FirstPersonBP/Blueprints/Pistol.uasset" 183
"../../../FPStest1/Content/FirstPerson/Character/Mesh/SK_Mannequin_Arms_Skeleton.uasset" 184
"../../../FPStest1/Content/FirstPerson/Animations/FirstPerson_Idle.uasset" 185
"../../../FPStest1/Content/FirstPerson/Animations/FirstPerson_JumpEnd.uasset" 186
"../../../FPStest1/Content/FirstPerson/Animations/FirstPerson_JumpLoop.uasset" 187
"../../../FPStest1/Content/FirstPerson/Animations/FirstPerson_JumpStart.uasset" 188
"../../../FPStest1/Content/FirstPerson/Animations/FirstPerson_Run.uasset" 189
"../../../Engine/Content/EditorBlueprintResources/StandardMacros.uasset" 190
"../../../FPStest1/Content/FirstPerson/Animations/FirstPerson_AnimBP.uasset" 191
"../../../FPStest1/Content/FirstPerson/Animations/FirstPerson_Fire.uasset" 192
"../../../FPStest1/Content/FirstPerson/Animations/FirstPersonFire_Montage.uasset" 193
"../../../FPStest1/Content/Geometry/Meshes/CubeMaterial.uasset" 194
"../../../FPStest1/Content/Geometry/Meshes/1M_Cube_Chamfer.uasset" 195
"../../../FPStest1/Content/StarterContent/Audio/Explosion_Cue.uasset" 196
"../../../FPStest1/Content/StarterContent/Textures/T_Burst_M.uasset" 197
"../../../FPStest1/Content/StarterContent/Particles/Materials/M_Burst.uasset" 198
"../../../FPStest1/Content/StarterContent/Textures/T_Explosion_SubUV.uasset" 199
"../../../FPStest1/Content/StarterContent/Particles/Materials/M_explosion_subUV.uasset" 200
"../../../FPStest1/Content/StarterContent/Particles/Materials/m_flare_01.uasset" 201
"../../../FPStest1/Content/StarterContent/Particles/Materials/M_radial_ramp.uasset" 202
"../../../FPStest1/Content/StarterContent/Textures/T_Smoke_SubUV.uasset" 203
"../../../FPStest1/Content/StarterContent/Textures/T_Smoke_Tiled_D.uasset" 204
"../../../FPStest1/Content/StarterContent/Particles/Materials/M_smoke_subUV.uasset" 205
"../../../FPStest1/Content/StarterContent/Particles/P_Explosion.uasset" 206
"../../../FPStest1/Content/Geometry/Meshes/1M_Cube_Chamfer_DM.uasset" 207
"../../../FPStest1/Content/StarterContent/Textures/T_Ground_Grass_D.uasset" 208
"../../../FPStest1/Content/StarterContent/Textures/T_Ground_Grass_N.uasset" 209
"../../../FPStest1/Content/StarterContent/Textures/T_MacroVariation.uasset" 210
"../../../FPStest1/Content/StarterContent/Textures/T_Perlin_Noise_M.uasset" 211
"../../../FPStest1/Content/StarterContent/Materials/M_Ground_Grass.uasset" 212
"../../../Engine/Content/Functions/Engine_MaterialFunctions02/Utility/BlendAngleCorrectedNormals.uasset" 213
"../../../FPStest1/Content/StarterContent/Textures/T_Metal_Rust_D.uasset" 214
"../../../FPStest1/Content/StarterContent/Textures/T_Metal_Rust_N.uasset" 215
"../../../FPStest1/Content/StarterContent/Materials/M_Metal_Rust.uasset" 216
"../../../FPStest1/Content/FirstPersonBP/Blueprints/Cube.uasset" 217
"../../../Engine/Content/BasicShapes/BasicShapeMaterial.uasset" 218
"../../../Engine/Content/BasicShapes/Cube.uasset" 219
"../../../FPStest1/Content/StarterContent/Textures/T_Fire_SubUV.uasset" 220
"../../../FPStest1/Content/StarterContent/Textures/T_Fire_Tiled_D.uasset" 221
"../../../FPStest1/Content/StarterContent/Particles/Materials/M_Fire_SubUV.uasset" 222
"../../../FPStest1/Content/StarterContent/Textures/T_Water_N.uasset" 223
"../../../FPStest1/Content/StarterContent/Particles/Materials/M_Heat_Distortion.uasset" 224
"../../../FPStest1/Content/StarterContent/Particles/Materials/M_Radial_Gradient.uasset" 225
"../../../FPStest1/Content/StarterContent/Particles/P_Fire.uasset" 226
"../../../FPStest1/Content/StarterContent/Particles/P_Steam_Lit.uasset" 227
"../../../FPStest1/Content/FirstPersonBP/Blueprints/FlameTrower.uasset" 228
"../../../Engine/Content/EngineDebugMaterials/BlackUnlitMaterial.uasset" 229
"../../../Engine/Content/BasicShapes/Cone.uasset" 230
"../../../Engine/Content/BasicShapes/Cylinder.uasset" 231
"../../../Engine/Content/Tutorial/SubEditors/TutorialAssets/T_SmokeSubUV_8X8.uasset" 232
"../../../Engine/Content/Tutorial/SubEditors/TutorialAssets/T_soft_smoke.uasset" 233
"../../../Engine/Content/Tutorial/SubEditors/TutorialAssets/M_smoke_subUV_blackbody.uasset" 234
"../../../Engine/Content/Tutorial/SubEditors/TutorialAssets/TutorialParticleSystem.uasset" 235
"../../../FPStest1/Content/FirstPersonBP/Blueprints/Rocket_v1.uasset" 236
"../../../FPStest1/Content/FirstPersonBP/Blueprints/Rubberball.uasset" 237
"../../../FPStest1/Content/StarterContent/Shapes/SM_Sphere.uasset" 238
"../../../FPStest1/Content/StarterContent/Shapes/SM_Sphere_DM.uasset" 239
"../../../FPStest1/Content/FirstPersonBP/Blueprints/Sphere.uasset" 240
"../../../Engine/Content/VREditor/Sounds/VR_teleport_Cue.uasset" 241
"../../../FPStest1/Content/FirstPerson/Audio/FirstPersonTemplateWeaponFire02.uasset" 242
"../../../Engine/Content/Functions/MaterialLayerFunctions/MatLayerBlend_NormalBlend.uasset" 243
"../../../Engine/Content/Functions/MaterialLayerFunctions/MatLayerBlend_Simple.uasset" 244
"../../../FPStest1/Content/FirstPerson/Character/Materials/MaterialLayers/T_ML_Rubber_Blue_01_D.uasset" 245
"../../../FPStest1/Content/FirstPerson/Character/Materials/MaterialLayers/T_ML_Rubber_Blue_01_N.uasset" 246
"../../../FPStest1/Content/FirstPerson/Character/Materials/MaterialLayers/ML_GlossyBlack_Latex_UE4.uasset" 247
"../../../FPStest1/Content/FirstPerson/Character/Materials/MaterialLayers/ML_Plastic_Shiny_Beige.uasset" 248
"../../../FPStest1/Content/FirstPerson/Character/Materials/MaterialLayers/ML_Plastic_Shiny_Beige_LOGO.uasset" 249
"../../../FPStest1/Content/FirstPerson/Character/Materials/MaterialLayers/T_ML_Aluminum01.uasset" 250
"../../../FPStest1/Content/FirstPerson/Character/Materials/MaterialLayers/T_ML_Aluminum01_N.uasset" 251
"../../../FPStest1/Content/FirstPerson/Character/Materials/MaterialLayers/ML_SoftMetal_UE4.uasset" 252
"../../../FPStest1/Content/FirstPerson/Character/Textures/UE4_Mannequin__normals.uasset" 253
"../../../FPStest1/Content/FirstPerson/Character/Textures/UE4_Mannequin_MAT_MASKA.uasset" 254
"../../../FPStest1/Content/FirstPerson/Character/Materials/M_UE4Man_Body.uasset" 255
"../../../FPStest1/Content/FirstPerson/Character/Mesh/SK_Mannequin_Arms_PhysicsAsset.uasset" 256
"../../../FPStest1/Content/FirstPerson/Character/Mesh/SK_Mannequin_Arms.uasset" 257
"../../../FPStest1/Content/FirstPerson/FPWeapon/Materials/MaterialLayers/T_ML_Rubber_Blue_01_D.uasset" 258
"../../../FPStest1/Content/FirstPerson/FPWeapon/Materials/MaterialLayers/T_ML_Rubber_Blue_01_N.uasset" 259
"../../../FPStest1/Content/FirstPerson/FPWeapon/Materials/MaterialLayers/ML_GlossyBlack_Latex_UE4.uasset" 260
"../../../FPStest1/Content/FirstPerson/FPWeapon/Materials/MaterialLayers/ML_Plastic_Shiny_Beige.uasset" 261
"../../../FPStest1/Content/FirstPerson/FPWeapon/Materials/MaterialLayers/ML_Screen.uasset" 262
"../../../FPStest1/Content/FirstPerson/FPWeapon/Materials/MaterialLayers/T_ML_Aluminum01.uasset" 263
"../../../FPStest1/Content/FirstPerson/FPWeapon/Materials/MaterialLayers/T_ML_Aluminum01_N.uasset" 264
"../../../FPStest1/Content/FirstPerson/FPWeapon/Materials/MaterialLayers/ML_SoftMetal_UE4.uasset" 265
"../../../FPStest1/Content/FirstPerson/FPWeapon/Textures/T_FPGun_M.uasset" 266
"../../../FPStest1/Content/FirstPerson/FPWeapon/Textures/T_FPGun_N.uasset" 267
"../../../FPStest1/Content/FirstPerson/FPWeapon/Materials/M_FPGun.uasset" 268
"../../../FPStest1/Content/FirstPerson/FPWeapon/Mesh/SK_FPGun_Skeleton.uasset" 269
"../../../FPStest1/Content/FirstPerson/FPWeapon/Mesh/SK_FPGun.uasset" 270
"../../../FPStest1/Content/FirstPersonBP/Blueprints/HUD.uasset" 271
"../../../FPStest1/Content/FirstPersonBP/Blueprints/FirstPersonCharacter.uasset" 272
"../../../Engine/Content/VREditor/Sounds/VR_open_Cue.uasset" 273
"../../../FPStest1/Content/FirstPersonBP/Blueprints/StartGamee.uasset" 274
"../../../FPStest1/Content/FirstPersonBP/Blueprints/test3.uasset" 275
"../../../FPStest1/Content/FirstPersonBP/Blueprints/test4.uasset" 276
"../../../FPStest1/Content/FirstPersonBP/Blueprints/test_Child.uasset" 277
"../../../FPStest1/Content/Geometry/Meshes/1M_Cube_Dest.uasset" 278
"../../../FPStest1/Content/Geometry/Meshes/TemplateFloor.uasset" 279
"../../../FPStest1/Content/StarterContent/Architecture/Pillar_50x500.uasset" 280
"../../../FPStest1/Content/StarterContent/Architecture/Wall_400x300.uasset" 281
"../../../FPStest1/Content/StarterContent/Architecture/Wall_400x400.uasset" 282
"../../../FPStest1/Content/StarterContent/Architecture/Wall_500x500.uasset" 283
"../../../FPStest1/Content/StarterContent/Architecture/Wall_Door_400x400.uasset" 284
"../../../FPStest1/Content/StarterContent/Architecture/Wall_Window_400x400.uasset" 285
"../../../FPStest1/Content/StarterContent/Audio/Light01_Cue.uasset" 286
"../../../FPStest1/Content/StarterContent/Audio/Light02_Cue.uasset" 287
"../../../FPStest1/Content/StarterContent/Blueprints/Blueprint_Effect_Explosion.uasset" 288
"../../../Engine/Content/EditorMeshes/ColorCalibrator/T_ColorGrid.uasset" 289
"../../../FPStest1/Content/StarterContent/Materials/M_ColorGrid_LowSpec.uasset" 290
"../../../FPStest1/Content/StarterContent/Particles/P_Smoke_Fast.uasset" 291
"../../../FPStest1/Content/StarterContent/Particles/P_Steam_Lit_fast.uasset" 292
"../../../FPStest1/Content/StarterContent/Textures/T_Bush_D.uasset" 293
"../../../FPStest1/Content/StarterContent/Textures/T_Bush_N.uasset" 294
"../../../FPStest1/Content/StarterContent/Props/Materials/M_Bush.uasset" 295
"../../../FPStest1/Content/StarterContent/Props/SM_Bush.uasset" 296
"../../../FPStest1/Content/StarterContent/Textures/T_Chair_M.uasset" 297
"../../../FPStest1/Content/StarterContent/Textures/T_Chair_N.uasset" 298
"../../../FPStest1/Content/StarterContent/Props/Materials/M_Chair.uasset" 299
"../../../FPStest1/Content/StarterContent/Props/SM_Couch.uasset" 300
"../../../FPStest1/Content/StarterContent/Materials/M_Glass.uasset" 301
"../../../FPStest1/Content/StarterContent/Textures/T_Door_M.uasset" 302
"../../../FPStest1/Content/StarterContent/Textures/T_Door_N.uasset" 303
"../../../FPStest1/Content/StarterContent/Props/Materials/M_Door.uasset" 304
"../../../FPStest1/Content/StarterContent/Props/SM_Door.uasset" 305
"../../../FPStest1/Content/StarterContent/Props/Materials/M_MaterialSphere.uasset" 306
"../../../FPStest1/Content/StarterContent/Props/Materials/M_MaterialSphere_Plain.uasset" 307
"../../../FPStest1/Content/StarterContent/Props/SM_MatPreviewMesh_02.uasset" 308
"../../../FPStest1/Content/StarterContent/Textures/T_Detail_Rocky_N.uasset" 309
"../../../FPStest1/Content/StarterContent/Textures/T_Rock_Basalt_D.uasset" 310
"../../../FPStest1/Content/StarterContent/Textures/T_RockMesh_M.uasset" 311
"../../../FPStest1/Content/StarterContent/Textures/T_RockMesh_N.uasset" 312
"../../../FPStest1/Content/StarterContent/Props/Materials/M_Rock.uasset" 313
"../../../FPStest1/Content/StarterContent/Props/SM_Rock.uasset" 314
"../../../FPStest1/Content/StarterContent/Textures/T_Shelf_M.uasset" 315
"../../../FPStest1/Content/StarterContent/Textures/T_Shelf_N.uasset" 316
"../../../FPStest1/Content/StarterContent/Props/Materials/M_Shelf.uasset" 317
"../../../FPStest1/Content/StarterContent/Props/SM_Shelf.uasset" 318
"../../../FPStest1/Content/StarterContent/Materials/M_Basic_Floor.uasset" 319
"../../../FPStest1/Content/StarterContent/Props/SM_Stairs.uasset" 320
"../../../FPStest1/Content/StarterContent/Shapes/Shape_Cone.uasset" 321
"../../../FPStest1/Content/StarterContent/Shapes/Shape_Cylinder.uasset" 322
"../../../FPStest1/Content/StarterContent/Shapes/Shape_NarrowCapsule.uasset" 323
"../../../FPStest1/Content/StarterContent/Shapes/Shape_Pipe.uasset" 324
"../../../FPStest1/Content/StarterContent/Shapes/Shape_Pipe_180.uasset" 325
"../../../FPStest1/Content/StarterContent/Shapes/Shape_Pipe_90.uasset" 326
"../../../FPStest1/Content/StarterContent/Shapes/Shape_Plane.uasset" 327
"../../../FPStest1/Content/StarterContent/Shapes/Shape_Torus.uasset" 328
"../../../FPStest1/Content/StarterContent/Shapes/Shape_Trim.uasset" 329
"../../../FPStest1/Content/StarterContent/Shapes/Shape_Trim_90_In.uasset" 330
"../../../FPStest1/Content/StarterContent/Shapes/Shape_Trim_90_Out.uasset" 331
"../../../FPStest1/Content/StarterContent/Shapes/Shape_TriPyramid.uasset" 332
"../../../FPStest1/Content/StarterContent/Shapes/Shape_Tube.uasset" 333
"../../../FPStest1/Content/StarterContent/Shapes/Shape_Wedge_A.uasset" 334
"../../../FPStest1/Content/StarterContent/Shapes/Shape_Wedge_B.uasset" 335
"../../../FPStest1/Content/StarterContent/Shapes/Shape_WideCapsule.uasset" 336
"../../../FPStest1/Content/StarterContent/Shapes/sphere.uasset" 337
"../../../Engine/Plugins/2D/Paper2D/Content/DummySprite.uasset" 338
"../../../Engine/Plugins/2D/Paper2D/Content/DefaultPaperTerrainMaterial.uasset" 339
"../../../Engine/Plugins/2D/Paper2D/Content/DefaultSpriteMaterial.uasset" 340
"../../../Engine/Plugins/2D/Paper2D/Content/MaskedUnlitSpriteMaterial.uasset" 341
"../../../Engine/Plugins/2D/Paper2D/Content/OpaqueUnlitSpriteMaterial.uasset" 342
"../../../Engine/Plugins/2D/Paper2D/Content/PlaceholderTextures/DummySpriteTexture.uasset" 343
"../../../Engine/Content/EngineSky/C_Sky_Cloud_Color.uasset" 344
"../../../Engine/Content/EngineSky/C_Sky_Horizon_Color.uasset" 345
"../../../Engine/Content/EngineSky/C_Sky_Zenith_Color.uasset" 346
"../../../Engine/Content/EngineSky/T_Sky_Blue.uasset" 347
"../../../Engine/Content/EngineSky/T_Sky_Clouds_M.uasset" 348
"../../../Engine/Content/EngineSky/T_Sky_Stars.uasset" 349
"../../../Engine/Content/EngineSky/M_Sky_Panning_Clouds2.uasset" 350
"../../../Engine/Content/EngineSky/SM_SkySphere.uasset" 351
"../../../Engine/Content/EngineSky/BP_Sky_Sphere.uasset" 352
"../../../FPStest1/Content/FirstPerson/Textures/FirstPersonCrosshair.uasset" 353
"../../../FPStest1/Content/FirstPersonBP/Blueprints/FirstPersonHUD.uasset" 354
"../../../FPStest1/Content/FirstPersonBP/Blueprints/FirstPersonGameMode.uasset" 355
"../../../FPStest1/Content/FPStest_MAP1_BuiltData.uasset" 356
"../../../FPStest1/Content/StarterContent/Textures/T_Tech_Hex_Tile_M.uasset" 357
"../../../FPStest1/Content/StarterContent/Textures/T_Tech_Hex_Tile_N.uasset" 358
"../../../FPStest1/Content/StarterContent/Materials/M_Tech_Hex_Tile.uasset" 359
"../../../FPStest1/Content/FirstPerson/Meshes/CubeMaterialOverride.uasset" 360
"../../../FPStest1/Content/Geometry/Meshes/1M_Cube.uasset" 361
"../../../FPStest1/Content/FPStest_MAP1.umap" 362
"../../../FPStest1/Content/FirstPersonBP/Blueprints/PickupAuto.uasset" 363
"../../../FPStest1/Content/FirstPersonBP/Blueprints/PickupAutoBurst.uasset" 364
"../../../FPStest1/Content/FirstPersonBP/Blueprints/PickupBall.uasset" 365
"../../../FPStest1/Content/FirstPersonBP/Blueprints/PickupBurst.uasset" 366
"../../../FPStest1/Content/FirstPersonBP/Blueprints/PickupFT.uasset" 367
"../../../FPStest1/Content/FirstPersonBP/Blueprints/PickupPistol.uasset" 368
"../../../FPStest1/Content/FirstPersonBP/Blueprints/PickupRocket.uasset" 369
"../../../FPStest1/Content/FirstPersonBP/Blueprints/test2.uasset" 370
"../../../FPStest1/Content/FirstPersonBP/Maps/FirstPersonExampleMap_BuiltData.uasset" 371
"../../../FPStest1/Content/StarterContent/Textures/T_Metal_Steel_D.uasset" 372
"../../../FPStest1/Content/StarterContent/Textures/T_Metal_Steel_N.uasset" 373
"../../../FPStest1/Content/StarterContent/Materials/M_Metal_Steel.uasset" 374
"../../../FPStest1/Content/FirstPersonBP/Maps/FirstPersonExampleMap.umap" 375
"../../../FPStest1/Content/FirstPersonBP/Blueprints/StartGame.uasset" 376
"../../../FPStest1/Content/Maps/ShootingRange_BuiltData.uasset" 377
"../../../Engine/Content/MapTemplates/SM_Template_Map_Floor.uasset" 378
"../../../FPStest1/Content/Maps/ShootingRange.umap" 379
"../../../FPStest1/Content/StarterContent/Blueprints/Assets/FogBrightnessLUT.uasset" 380
"../../../FPStest1/Content/StarterContent/Blueprints/Assets/SunlightColorLUT.uasset" 381
"../../../FPStest1/Content/StarterContent/Blueprints/Assets/M_LightStage_Arrows.uasset" 382
"../../../Engine/Content/MapTemplates/Sky/DaylightAmbientCubemap.uasset" 383
"../../../FPStest1/Content/StarterContent/Blueprints/Assets/M_LightStage_Skybox_Master.uasset" 384
"../../../FPStest1/Content/StarterContent/Blueprints/Assets/M_LightStage_Skybox_Black.uasset" 385
"../../../FPStest1/Content/StarterContent/Blueprints/Assets/M_LightStage_Skybox_HDRI.uasset" 386
"../../../Engine/Content/EditorMaterials/Thumbnails/SkySphereMaterial.uasset" 387
"../../../FPStest1/Content/StarterContent/Blueprints/Assets/Skybox.uasset" 388
"../../../FPStest1/Content/StarterContent/Blueprints/Assets/SM_Arrows.uasset" 389
"../../../FPStest1/Content/StarterContent/HDRI/HDRI_Epic_Courtyard_Daylight.uasset" 390
"../../../FPStest1/Content/StarterContent/Blueprints/BP_LightStudio.uasset" 391
"../../../FPStest1/Content/StarterContent/Materials/M_AssetPlatform.uasset" 392
"../../../Engine/Content/EditorMeshes/ColorCalibrator/M_ChromeBall.uasset" 393
"../../../Engine/Content/EditorMeshes/ColorCalibrator/M_ClearCoat.uasset" 394
"../../../Engine/Content/EditorMeshes/ColorCalibrator/M_ClearCoatBlack.uasset" 395
"../../../Engine/Content/EditorMeshes/ColorCalibrator/M_ColorGrid.uasset" 396
"../../../Engine/Content/EditorMeshes/ColorCalibrator/M_GreyBall.uasset" 397
"../../../Engine/Content/EditorMeshes/ColorCalibrator/SM_ColorCalibrator.uasset" 398
"../../../FPStest1/Content/StarterContent/Architecture/SM_AssetPlatform.uasset" 399
"../../../FPStest1/Content/StarterContent/Maps/Advanced_Lighting.umap" 400
"../../../FPStest1/Content/StarterContent/Materials/M_Metal_Brushed_Nickel.uasset" 401
"../../../FPStest1/Content/StarterContent/Textures/T_Metal_Aluminum_D.uasset" 402
"../../../FPStest1/Content/StarterContent/Textures/T_Metal_Gold_N.uasset" 403
"../../../FPStest1/Content/StarterContent/Materials/M_Metal_Burnished_Steel.uasset" 404
"../../../FPStest1/Content/StarterContent/Textures/T_Metal_Copper_D.uasset" 405
"../../../FPStest1/Content/StarterContent/Materials/M_Metal_Copper.uasset" 406
"../../../FPStest1/Content/StarterContent/Textures/T_Statue_M.uasset" 407
"../../../FPStest1/Content/StarterContent/Textures/T_Statue_N.uasset" 408
"../../../FPStest1/Content/StarterContent/Props/Materials/M_StatueGlass.uasset" 409
"../../../FPStest1/Content/StarterContent/Architecture/Floor_400x400.uasset" 410
"../../../FPStest1/Content/StarterContent/Audio/Starter_Background_Cue.uasset" 411
"../../../FPStest1/Content/StarterContent/Props/SM_Chair.uasset" 412
"../../../FPStest1/Content/StarterContent/Props/Materials/M_Statue.uasset" 413
"../../../FPStest1/Content/StarterContent/Props/SM_Statue.uasset" 414
"../../../FPStest1/Content/StarterContent/Textures/T_TableRound_M.uasset" 415
"../../../FPStest1/Content/StarterContent/Textures/T_TableRound_N.uasset" 416
"../../../FPStest1/Content/StarterContent/Props/Materials/M_TableRound.uasset" 417
"../../../FPStest1/Content/StarterContent/Props/SM_TableRound.uasset" 418
"../../../FPStest1/Content/StarterContent/Maps/Minimal_Default.umap" 419
"../../../FPStest1/Content/StarterContent/Audio/Fire01_Cue.uasset" 420
"../../../FPStest1/Content/StarterContent/Blueprints/Blueprint_Effect_Fire.uasset" 421
"../../../FPStest1/Content/StarterContent/Audio/Smoke01_Cue.uasset" 422
"../../../FPStest1/Content/StarterContent/Particles/P_Smoke.uasset" 423
"../../../FPStest1/Content/StarterContent/Blueprints/Blueprint_Effect_Smoke.uasset" 424
"../../../FPStest1/Content/StarterContent/Audio/Fire_Sparks01_Cue.uasset" 425
"../../../FPStest1/Content/StarterContent/Textures/T_Spark_Core.uasset" 426
"../../../FPStest1/Content/StarterContent/Particles/Materials/M_Spark.uasset" 427
"../../../FPStest1/Content/StarterContent/Particles/P_Sparks.uasset" 428
"../../../FPStest1/Content/StarterContent/Blueprints/Blueprint_Effect_Sparks.uasset" 429
"../../../FPStest1/Content/StarterContent/Audio/Steam01_Cue.uasset" 430
"../../../FPStest1/Content/StarterContent/Blueprints/Blueprint_Effect_Steam.uasset" 431
"../../../FPStest1/Content/StarterContent/Textures/T_Lamp_M.uasset" 432
"../../../FPStest1/Content/StarterContent/Textures/T_Lamp_N.uasset" 433
"../../../FPStest1/Content/StarterContent/Props/Materials/M_Lamp.uasset" 434
"../../../FPStest1/Content/StarterContent/Props/SM_Lamp_Ceiling.uasset" 435
"../../../FPStest1/Content/StarterContent/Blueprints/Blueprint_CeilingLight.uasset" 436
"../../../FPStest1/Content/StarterContent/Props/SM_Lamp_Wall.uasset" 437
"../../../FPStest1/Content/StarterContent/Blueprints/Blueprint_WallSconce.uasset" 438
"../../../Engine/Content/Functions/Engine_MaterialFunctions03/Procedurals/ComputeFilterWidth.uasset" 439
"../../../Engine/Content/EngineMaterials/AntiAliasedTextMaterialTranslucent.uasset" 440
"../../../FPStest1/Content/StarterContent/Textures/T_Brick_Clay_Beveled_D.uasset" 441
"../../../FPStest1/Content/StarterContent/Textures/T_Brick_Clay_Beveled_M.uasset" 442
"../../../FPStest1/Content/StarterContent/Textures/T_Brick_Clay_Beveled_N.uasset" 443
"../../../FPStest1/Content/StarterContent/Materials/M_Brick_Clay_Beveled.uasset" 444
"../../../FPStest1/Content/StarterContent/Textures/T_Brick_Clay_New_D.uasset" 445
"../../../FPStest1/Content/StarterContent/Textures/T_Brick_Clay_New_M.uasset" 446
"../../../FPStest1/Content/StarterContent/Textures/T_Brick_Clay_New_N.uasset" 447
"../../../FPStest1/Content/StarterContent/Materials/M_Brick_Clay_New.uasset" 448
"../../../FPStest1/Content/StarterContent/Textures/T_Brick_Clay_Old_D.uasset" 449
"../../../FPStest1/Content/StarterContent/Textures/T_Brick_Clay_Old_N.uasset" 450
"../../../FPStest1/Content/StarterContent/Materials/M_Brick_Clay_Old.uasset" 451
"../../../FPStest1/Content/StarterContent/Textures/T_Brick_Cut_Stone_D.uasset" 452
"../../../FPStest1/Content/StarterContent/Textures/T_Brick_Cut_Stone_N.uasset" 453
"../../../FPStest1/Content/StarterContent/Materials/M_Brick_Cut_Stone.uasset" 454
"../../../FPStest1/Content/StarterContent/Textures/T_Brick_Hewn_Stone_D.uasset" 455
"../../../FPStest1/Content/StarterContent/Textures/T_Brick_Hewn_Stone_M.uasset" 456
"../../../FPStest1/Content/StarterContent/Textures/T_Brick_Hewn_Stone_N.uasset" 457
"../../../FPStest1/Content/StarterContent/Materials/M_Brick_Hewn_Stone.uasset" 458
"../../../FPStest1/Content/StarterContent/Textures/T_Ceramic_Tile_M.uasset" 459
"../../../FPStest1/Content/StarterContent/Textures/T_Ceramic_Tile_N.uasset" 460
"../../../FPStest1/Content/StarterContent/Textures/T_Rock_Marble_Polished_D.uasset" 461
"../../../FPStest1/Content/StarterContent/Materials/M_Ceramic_Tile_Checker.uasset" 462
"../../../FPStest1/Content/StarterContent/Textures/T_CobbleStone_Pebble_D.uasset" 463
"../../../FPStest1/Content/StarterContent/Textures/T_CobbleStone_Pebble_M.uasset" 464
"../../../FPStest1/Content/StarterContent/Textures/T_CobbleStone_Pebble_N.uasset" 465
"../../../FPStest1/Content/StarterContent/Materials/M_CobbleStone_Pebble.uasset" 466
"../../../FPStest1/Content/StarterContent/Textures/T_CobbleStone_Rough_D.uasset" 467
"../../../FPStest1/Content/StarterContent/Textures/T_CobbleStone_Rough_N.uasset" 468
"../../../FPStest1/Content/StarterContent/Textures/T_Gradinet_01.uasset" 469
"../../../FPStest1/Content/StarterContent/Textures/T_Rock_Smooth_Granite_D.uasset" 470
"../../../FPStest1/Content/StarterContent/Materials/M_CobbleStone_Rough.uasset" 471
"../../../FPStest1/Content/StarterContent/Textures/T_CobbleStone_Smooth_D.uasset" 472
"../../../FPStest1/Content/StarterContent/Textures/T_CobbleStone_Smooth_M.uasset" 473
"../../../FPStest1/Content/StarterContent/Textures/T_CobbleStone_Smooth_N.uasset" 474
"../../../FPStest1/Content/StarterContent/Materials/M_CobbleStone_Smooth.uasset" 475
"../../../FPStest1/Content/StarterContent/Textures/T_Concrete_Grime_D.uasset" 476
"../../../FPStest1/Content/StarterContent/Materials/M_Concrete_Grime.uasset" 477
"../../../FPStest1/Content/StarterContent/Textures/T_Concrete_Panels_D.uasset" 478
"../../../FPStest1/Content/StarterContent/Textures/T_Concrete_Panels_N.uasset" 479
"../../../FPStest1/Content/StarterContent/Materials/M_Concrete_Panels.uasset" 480
"../../../FPStest1/Content/StarterContent/Textures/T_Concrete_Poured_D.uasset" 481
"../../../FPStest1/Content/StarterContent/Textures/T_Concrete_Poured_N.uasset" 482
"../../../FPStest1/Content/StarterContent/Materials/M_Concrete_Poured.uasset" 483
"../../../FPStest1/Content/StarterContent/Textures/T_Concrete_Tiles_D.uasset" 484
"../../../FPStest1/Content/StarterContent/Textures/T_Concrete_Tiles_M.uasset" 485
"../../../FPStest1/Content/StarterContent/Textures/T_Concrete_Tiles_N.uasset" 486
"../../../FPStest1/Content/StarterContent/Textures/T_Concrete_Tiles_Variation_M.uasset" 487
"../../../FPStest1/Content/StarterContent/Materials/M_Concrete_Tiles.uasset" 488
"../../../FPStest1/Content/StarterContent/Textures/T_Ground_Gravel_D.uasset" 489
"../../../FPStest1/Content/StarterContent/Textures/T_Ground_Gravel_N.uasset" 490
"../../../FPStest1/Content/StarterContent/Materials/M_Ground_Gravel.uasset" 491
"../../../FPStest1/Content/StarterContent/Textures/T_ground_Moss_D.uasset" 492
"../../../FPStest1/Content/StarterContent/Textures/T_Ground_Moss_N.uasset" 493
"../../../FPStest1/Content/StarterContent/Materials/M_Ground_Moss.uasset" 494
"../../../FPStest1/Content/StarterContent/Materials/M_Metal_Chrome.uasset" 495
"../../../FPStest1/Content/StarterContent/Textures/T_Metal_Gold_D.uasset" 496
"../../../FPStest1/Content/StarterContent/Materials/M_Metal_Gold.uasset" 497
"../../../FPStest1/Content/StarterContent/Textures/T_Rock_Basalt_N.uasset" 498
"../../../FPStest1/Content/StarterContent/Materials/M_Rock_Basalt.uasset" 499
"../../../FPStest1/Content/StarterContent/Materials/M_Rock_Marble_Polished.uasset" 500
"../../../FPStest1/Content/StarterContent/Textures/T_Rock_Sandstone_D.uasset" 501
"../../../FPStest1/Content/StarterContent/Textures/T_Rock_Sandstone_N.uasset" 502
"../../../FPStest1/Content/StarterContent/Materials/M_Rock_Sandstone.uasset" 503
"../../../FPStest1/Content/StarterContent/Textures/T_Rock_Slate_D.uasset" 504
"../../../FPStest1/Content/StarterContent/Textures/T_Rock_Slate_N.uasset" 505
"../../../FPStest1/Content/StarterContent/Materials/M_Rock_Slate.uasset" 506
"../../../FPStest1/Content/StarterContent/Textures/T_Checker_Noise_M.uasset" 507
"../../../FPStest1/Content/StarterContent/Textures/T_Single_Tile_N.uasset" 508
"../../../FPStest1/Content/StarterContent/Textures/T_Tech_Dot_M.uasset" 509
"../../../FPStest1/Content/StarterContent/Textures/T_Tech_Dot_N.uasset" 510
"../../../FPStest1/Content/StarterContent/Materials/M_Tech_Checker_Dot.uasset" 511
"../../../FPStest1/Content/StarterContent/Materials/M_Tech_Hex_Tile_Pulse.uasset" 512
"../../../FPStest1/Content/StarterContent/Textures/T_Tech_Panel_M.uasset" 513
"../../../FPStest1/Content/StarterContent/Textures/T_Tech_Panel_N.uasset" 514
"../../../FPStest1/Content/StarterContent/Materials/M_Tech_Panel.uasset" 515
"../../../FPStest1/Content/StarterContent/Materials/M_Water_Lake.uasset" 516
"../../../FPStest1/Content/StarterContent/Textures/T_Water_M.uasset" 517
"../../../FPStest1/Content/StarterContent/Materials/M_Water_Ocean.uasset" 518
"../../../FPStest1/Content/StarterContent/Textures/T_Wood_Floor_Walnut_D.uasset" 519
"../../../FPStest1/Content/StarterContent/Textures/T_Wood_Floor_Walnut_M.uasset" 520
"../../../FPStest1/Content/StarterContent/Textures/T_Wood_Floor_Walnut_N.uasset" 521
"../../../FPStest1/Content/StarterContent/Materials/M_Wood_Floor_Walnut_Polished.uasset" 522
"../../../Engine/Content/Functions/Engine_MaterialFunctions01/Opacity/AlphaOffset.uasset" 523
"../../../FPStest1/Content/StarterContent/Materials/M_Wood_Floor_Walnut_Worn.uasset" 524
"../../../FPStest1/Content/StarterContent/Textures/T_Wood_Oak_D.uasset" 525
"../../../FPStest1/Content/StarterContent/Textures/T_Wood_Oak_N.uasset" 526
"../../../FPStest1/Content/StarterContent/Materials/M_Wood_Oak.uasset" 527
"../../../FPStest1/Content/StarterContent/Textures/T_Wood_Pine_D.uasset" 528
"../../../FPStest1/Content/StarterContent/Textures/T_Wood_Pine_N.uasset" 529
"../../../FPStest1/Content/StarterContent/Materials/M_Wood_Pine.uasset" 530
"../../../FPStest1/Content/StarterContent/Textures/T_Wood_Walnut_D.uasset" 531
"../../../FPStest1/Content/StarterContent/Textures/T_Wood_Walnut_N.uasset" 532
"../../../FPStest1/Content/StarterContent/Materials/M_Wood_Walnut.uasset" 533
"../../../FPStest1/Content/StarterContent/Architecture/Wall_400x200.uasset" 534
"../../../FPStest1/Content/StarterContent/Architecture/Wall_Door_400x300.uasset" 535
"../../../FPStest1/Content/StarterContent/Audio/Collapse_Cue.uasset" 536
"../../../FPStest1/Content/StarterContent/Audio/Starter_Music_Cue.uasset" 537
"../../../FPStest1/Content/StarterContent/Textures/T_Dust_Particle_D.uasset" 538
"../../../FPStest1/Content/StarterContent/Particles/Materials/M_Dust_Particle.uasset" 539
"../../../FPStest1/Content/StarterContent/Particles/P_Ambient_Dust.uasset" 540
"../../../FPStest1/Content/StarterContent/Props/MaterialSphere.uasset" 541
"../../../FPStest1/Content/StarterContent/Textures/T_Frame_M.uasset" 542
"../../../FPStest1/Content/StarterContent/Textures/T_Frame_N.uasset" 543
"../../../FPStest1/Content/StarterContent/Props/Materials/M_Frame.uasset" 544
"../../../FPStest1/Content/StarterContent/Props/SM_CornerFrame.uasset" 545
"../../../FPStest1/Content/StarterContent/Props/SM_DoorFrame.uasset" 546
"../../../FPStest1/Content/StarterContent/Props/SM_GlassWindow.uasset" 547
"../../../FPStest1/Content/StarterContent/Props/SM_PillarFrame.uasset" 548
"../../../FPStest1/Content/StarterContent/Props/SM_PillarFrame300.uasset" 549
"../../../FPStest1/Content/StarterContent/Props/SM_WindowFrame.uasset" 550
"../../../FPStest1/Content/StarterContent/Shapes/Shape_Cube.uasset" 551
"../../../FPStest1/Content/StarterContent/Shapes/Shape_QuadPyramid.uasset" 552
"../../../FPStest1/Content/StarterContent/Shapes/Shape_Sphere.uasset" 553
"../../../FPStest1/Content/StarterContent/Maps/StarterMap.umap" 554
"../../../Engine/Content/Maps/Entry.umap" 555
